
> rateApp@1.0.0 build
> webpack --mode production

asset [1m[32m21.js[39m[22m 7.43 KiB [1m[32m[emitted][39m[22m [1m[32m[minimized][39m[22m 2 related assets
asset [1m[32m291.js[39m[22m 7.2 KiB [1m[32m[emitted][39m[22m [1m[32m[minimized][39m[22m 2 related assets
asset [1m[32mmain.js[39m[22m 5.05 KiB [1m[32m[emitted][39m[22m [1m[32m[minimized][39m[22m (name: main) 1 related asset
asset [1m[32mremoteEntry.js[39m[22m 4.59 KiB [1m[32m[emitted][39m[22m [1m[32m[minimized][39m[22m (name: rateApp) 1 related asset
asset [1m[32mindex.html[39m[22m 182 bytes [1m[33m[compared for emit][39m[22m
runtime modules 21.7 KiB 26 modules
orphan modules 396 bytes [1m[33m[orphan][39m[22m 1 module
built modules 10.9 KiB (javascript) 18 bytes (remote) 18 bytes (share-init) [1m[33m[built][39m[22m
  javascript modules 10.9 KiB
    cacheable modules 10.8 KiB
      modules by path [1m../../node_modules/react/[39m[22m 9.91 KiB 4 modules
      modules by path [1m./src/[39m[22m 900 bytes 3 modules
    [1mcontainer entry[39m[22m 42 bytes [1m[33m[built][39m[22m [1m[33m[code generated][39m[22m
    [1mexternal "lib@http://localhost:3000/remoteEntry.js"[39m[22m 42 bytes [1m[33m[built][39m[22m [1m[33m[code generated][39m[22m
    [1mexternal "billingApp@http://localhost:3001/remoteEntry.js"[39m[22m 42 bytes [1m[33m[built][39m[22m [1m[33m[code generated][39m[22m
  remote-module modules 18 bytes (remote) 18 bytes (share-init)
    [1mremote lib/react[39m[22m 6 bytes (remote) 6 bytes (share-init) [1m[33m[built][39m[22m [1m[33m[code generated][39m[22m
    [1mremote lib/react-dom[39m[22m 6 bytes (remote) 6 bytes (share-init) [1m[33m[built][39m[22m [1m[33m[code generated][39m[22m
    [1mremote billingApp/accural[39m[22m 6 bytes (remote) 6 bytes (share-init) [1m[33m[built][39m[22m [1m[33m[code generated][39m[22m
webpack 5.27.2 compiled [1m[32msuccessfully[39m[22m in 2501 ms
